<?xml version="1.0" encoding="UTF-8"?>
<!-- Generated by org.testng.reporters.JUnitReportReporter -->
<testsuite hostname="VXJ4N4QW9N" failures="0" tests="1" name="tests.CreateNewWalletTests" time="22.324" errors="0" timestamp="2024-03-24T13:02:55 IST" skipped="0">
  <testcase classname="tests.CreateNewWalletTests" name="createNewWalletUsingBackupSkipOption" time="22.324"/>
</testsuite> <!-- tests.CreateNewWalletTests -->
